<?xml version="1.0" encoding="UTF-8"?>
<!-- Generated by org.testng.reporters.JUnitXMLReporter -->
<testsuite hostname="LAPTOP-78FTHU8P" ignored="0" name="Default test" tests="3" failures="0" timestamp="27 Oct 2019 23:47:25 GMT" time="13.701" errors="0">
  <testcase name="addCategory" time="4.398" classname="testcases.Tests"/>
  <testcase name="noDuplication" time="4.237" classname="testcases.Tests"/>
  <testcase name="MonthDropDownList" time="0.42" classname="testcases.Tests"/>
</testsuite> <!-- Default test -->
